<?xml version="1.0" encoding="UTF-8"?>
<testng-results ignored="0" total="1" passed="1" failed="0" skipped="0">
  <reporter-output>
  </reporter-output>
  <suite started-at="2023-10-06T13:32:22 EDT" name="Default suite" finished-at="2023-10-06T13:33:13 EDT" duration-ms="51135">
    <groups>
    </groups>
    <test started-at="2023-10-06T13:32:22 EDT" name="Default test" finished-at="2023-10-06T13:33:13 EDT" duration-ms="51135">
      <class name="Mazda.Mazda">
        <test-method signature="firsttest()[pri:0, instance:Mazda.Mazda@7c24b813]" started-at="2023-10-06T13:32:22 EDT" name="firsttest" finished-at="2023-10-06T13:33:13 EDT" duration-ms="51115" status="PASS">
          <reporter-output>
          </reporter-output>
        </test-method> <!-- firsttest -->
      </class> <!-- Mazda.Mazda -->
    </test> <!-- Default test -->
  </suite> <!-- Default suite -->
</testng-results>
